<?xml version="1.0" encoding="UTF-8"?>
<!-- Generated by org.testng.reporters.JUnitReportReporter -->
<testsuite hostname="SKYWALKER" failures="0" tests="1" name="POM_TEST_CASES.DWS_DIGITALDOWN_TEST" time="3.630" errors="0" timestamp="2022-11-21T13:09:16 IST" skipped="0">
  <testcase classname="POM_TEST_CASES.DWS_DIGITALDOWN_TEST" name="tc05" time="3.630"/>
  <system-out/>
</testsuite> <!-- POM_TEST_CASES.DWS_DIGITALDOWN_TEST -->
