<?xml version="1.0" encoding="UTF-8"?>
<!-- Generated by org.testng.reporters.JUnitReportReporter -->
<testsuite hostname="SKYWALKER" failures="0" tests="2" name="From_Testng.Chrono_order" time="0.017" errors="0" timestamp="2022-11-09T13:04:39 IST" skipped="0">
  <testcase classname="From_Testng.Chrono_order" name="bye" time="0.010"/>
  <system-out/>
  <testcase classname="From_Testng.Chrono_order" name="hello" time="0.007"/>
  <system-out/>
</testsuite> <!-- From_Testng.Chrono_order -->
