<?xml version="1.0" encoding="UTF-8"?>
<!-- Generated by org.testng.reporters.JUnitReportReporter -->
<testsuite hostname="SKYWALKER" failures="0" tests="1" name="POM_TEST_CASES.DWS_COMPUTERTTEST" time="3.618" errors="0" timestamp="2022-11-21T12:40:24 IST" skipped="0">
  <testcase classname="POM_TEST_CASES.DWS_COMPUTERTTEST" name="tc05" time="3.618"/>
  <system-out/>
</testsuite> <!-- POM_TEST_CASES.DWS_COMPUTERTTEST -->
