<?xml version="1.0" encoding="UTF-8"?>
<!-- Generated by org.testng.reporters.JUnitReportReporter -->
<testsuite hostname="SKYWALKER" failures="0" tests="1" name="testng_basics.Working_wiht_propertyfile" time="0.017" errors="0" timestamp="2022-11-15T15:35:46 IST" skipped="0">
  <testcase classname="testng_basics.Working_wiht_propertyfile" name="propertdemo" time="0.017"/>
  <system-out/>
</testsuite> <!-- testng_basics.Working_wiht_propertyfile -->
