<?xml version="1.0" encoding="UTF-8"?>
<!-- Generated by org.testng.reporters.JUnitReportReporter -->
<testsuite hostname="SKYWALKER" failures="0" tests="1" name="test_cases.mouse_hover" time="1.403" errors="0" timestamp="2022-11-15T12:32:02 IST" skipped="0">
  <testcase classname="test_cases.mouse_hover" name="demo" time="1.403"/>
  <system-out/>
</testsuite> <!-- test_cases.mouse_hover -->
