<?xml version="1.0" encoding="UTF-8"?>
<!-- Generated by org.testng.reporters.JUnitReportReporter -->
<testsuite hostname="SKYWALKER" failures="0" tests="2" name="testng_basics.Workingclass" time="0.032" errors="0" timestamp="2022-11-10T16:21:14 IST" skipped="0">
  <testcase classname="testng_basics.Workingclass" name="Register" time="0.028"/>
  <system-out/>
  <testcase classname="testng_basics.Workingclass" name="Search" time="0.004"/>
  <system-out/>
</testsuite> <!-- testng_basics.Workingclass -->
