<?xml version="1.0" encoding="UTF-8"?>
<!-- Generated by org.testng.reporters.JUnitReportReporter -->
<testsuite hostname="SKYWALKER" failures="0" tests="1" name="testng_basics.Basics_excel" time="1.161" errors="0" timestamp="2022-11-16T12:37:14 IST" skipped="0">
  <testcase classname="testng_basics.Basics_excel" name="exceldemo" time="1.161"/>
  <system-out/>
</testsuite> <!-- testng_basics.Basics_excel -->
