<?xml version="1.0" encoding="UTF-8"?>
<!-- Generated by org.testng.reporters.JUnitReportReporter -->
<testsuite hostname="SKYWALKER" failures="0" tests="1" name="testng_basics.working_with_basics" time="0.005" errors="0" timestamp="2022-11-08T15:56:41 IST" skipped="0">
  <testcase classname="testng_basics.working_with_basics" name="Demo" time="0.005"/>
  <system-out/>
</testsuite> <!-- testng_basics.working_with_basics -->
