<?xml version="1.0" encoding="UTF-8"?>
<!-- Generated by org.testng.reporters.JUnitReportReporter -->
<testsuite hostname="SKYWALKER" failures="0" tests="1" name="Framework_utility.Workingwithinclude" time="0.014" errors="0" timestamp="2022-11-10T12:30:48 IST" skipped="0">
  <testcase classname="Framework_utility.Workingwithinclude" name="logout" time="0.014"/>
  <system-out/>
</testsuite> <!-- Framework_utility.Workingwithinclude -->
