<?xml version="1.0" encoding="UTF-8"?>
<!-- Generated by org.testng.reporters.JUnitReportReporter -->
<testsuite hostname="SKYWALKER" failures="0" tests="1" name="testng_basics.execution2" time="14.222" errors="0" timestamp="2022-11-11T15:29:14 IST" skipped="0">
  <testcase classname="testng_basics.execution2" name="parallel1" time="14.222"/>
  <system-out/>
</testsuite> <!-- testng_basics.execution2 -->
