<?xml version="1.0" encoding="UTF-8"?>
<!-- Generated by org.testng.reporters.JUnitReportReporter -->
<testsuite hostname="SKYWALKER" failures="0" tests="1" name="POM_TEST_CASES.DWS_APPAREL_TEST" time="3.957" errors="0" timestamp="2022-11-21T12:59:07 IST" skipped="0">
  <testcase classname="POM_TEST_CASES.DWS_APPAREL_TEST" name="tc05" time="3.957"/>
  <system-out/>
</testsuite> <!-- POM_TEST_CASES.DWS_APPAREL_TEST -->
