<?xml version="1.0" encoding="UTF-8"?>
<!-- Generated by org.testng.reporters.JUnitReportReporter -->
<testsuite hostname="SKYWALKER" failures="0" tests="1" name="testng_basics.Launch_basics" time="12.159" errors="0" timestamp="2022-11-08T15:56:41 IST" skipped="0">
  <testcase classname="testng_basics.Launch_basics" name="demo" time="12.159"/>
  <system-out/>
</testsuite> <!-- testng_basics.Launch_basics -->
