<?xml version="1.0" encoding="UTF-8"?>
<!-- Generated by org.testng.reporters.JUnitReportReporter -->
<testsuite hostname="SKYWALKER" failures="0" tests="1" name="POM_TEST_CASES.DWS_SHOPCART_TEST" time="0.854" errors="0" timestamp="2022-11-21T15:44:49 IST" skipped="0">
  <testcase classname="POM_TEST_CASES.DWS_SHOPCART_TEST" name="TC11" time="0.854"/>
  <system-out/>
</testsuite> <!-- POM_TEST_CASES.DWS_SHOPCART_TEST -->
