<?xml version="1.0" encoding="UTF-8"?>
<!-- Generated by org.testng.reporters.JUnitReportReporter -->
<testsuite hostname="SKYWALKER" failures="0" tests="5" name="Framework_utility.Execution_order" time="0.019" errors="0" timestamp="2022-11-10T11:08:25 IST" skipped="0">
  <testcase classname="Framework_utility.Execution_order" name="logout" time="0.001"/>
  <system-out/>
  <testcase classname="Framework_utility.Execution_order" name="Search" time="0.002"/>
  <system-out/>
  <testcase classname="Framework_utility.Execution_order" name="Login" time="0.002"/>
  <system-out/>
  <testcase classname="Framework_utility.Execution_order" name="Register" time="0.012"/>
  <system-out/>
  <testcase classname="Framework_utility.Execution_order" name="WishList" time="0.002"/>
  <system-out/>
</testsuite> <!-- Framework_utility.Execution_order -->
