<?xml version="1.0" encoding="UTF-8"?>
<!-- Generated by org.testng.reporters.JUnitReportReporter -->
<testsuite hostname="SKYWALKER" failures="0" tests="1" name="test_cases.register_tc" time="2.549" errors="0" timestamp="2022-11-16T17:12:16 IST" skipped="0">
  <testcase classname="test_cases.register_tc" name="demo" time="2.549"/>
  <system-out/>
</testsuite> <!-- test_cases.register_tc -->
