<?xml version="1.0" encoding="UTF-8"?>
<!-- Generated by org.testng.reporters.JUnitReportReporter -->
<testsuite hostname="SKYWALKER" failures="0" tests="3" name="From_Testng.Multiple_attest" time="0.017" errors="0" timestamp="2022-11-09T12:24:15 IST" skipped="0">
  <testcase classname="From_Testng.Multiple_attest" name="firststop" time="0.013"/>
  <system-out/>
  <testcase classname="From_Testng.Multiple_attest" name="thirdstop" time="0.002"/>
  <system-out/>
  <testcase classname="From_Testng.Multiple_attest" name="secondstop" time="0.002"/>
  <system-out/>
</testsuite> <!-- From_Testng.Multiple_attest -->
