<?xml version="1.0" encoding="UTF-8"?>
<!-- Generated by org.testng.reporters.JUnitReportReporter -->
<testsuite hostname="SKYWALKER" failures="0" tests="1" name="test_cases.login_tc" time="1.877" errors="0" timestamp="2022-11-16T16:06:00 IST" skipped="0">
  <testcase classname="test_cases.login_tc" name="login" time="1.877"/>
  <system-out/>
</testsuite> <!-- test_cases.login_tc -->
