<?xml version="1.0" encoding="UTF-8"?>
<!-- Generated by org.testng.reporters.JUnitReportReporter -->
<testsuite hostname="SKYWALKER" failures="0" tests="1" name="testng_basics.Dataprovider" time="0.021" errors="0" timestamp="2022-11-11T15:34:19 IST" skipped="0">
  <testcase classname="testng_basics.Dataprovider" name="testdatademo" time="0.021"/>
  <system-out/>
</testsuite> <!-- testng_basics.Dataprovider -->
