<?xml version="1.0" encoding="UTF-8"?>
<!-- Generated by org.testng.reporters.JUnitReportReporter -->
<testsuite hostname="SKYWALKER" failures="0" tests="1" name="POM_TEST_CASES.DWS_MULTIPLEHANDLE_TEST" time="0.326" errors="0" timestamp="2022-11-21T16:10:28 IST" skipped="0">
  <testcase classname="POM_TEST_CASES.DWS_MULTIPLEHANDLE_TEST" name="Tc12" time="0.326"/>
  <system-out/>
</testsuite> <!-- POM_TEST_CASES.DWS_MULTIPLEHANDLE_TEST -->
