<?xml version="1.0" encoding="UTF-8"?>
<!-- Generated by org.testng.reporters.JUnitReportReporter -->
<testsuite hostname="SKYWALKER" failures="0" tests="1" name="test_cases.Search_tc" time="1.120" errors="0" timestamp="2022-11-16T17:17:50 IST" skipped="0">
  <testcase classname="test_cases.Search_tc" name="demo" time="1.120"/>
  <system-out/>
</testsuite> <!-- test_cases.Search_tc -->
