<?xml version="1.0" encoding="UTF-8"?>
<!-- Generated by org.testng.reporters.JUnitReportReporter -->
<testsuite hostname="SKYWALKER" failures="0" tests="1" name="POM_TEST_CASES.DWS_LOGIN_TEST" time="1.869" errors="0" timestamp="2022-11-21T10:44:44 IST" skipped="0">
  <testcase classname="POM_TEST_CASES.DWS_LOGIN_TEST" name="TC01" time="1.869"/>
  <system-out/>
</testsuite> <!-- POM_TEST_CASES.DWS_LOGIN_TEST -->
