<?xml version="1.0" encoding="UTF-8"?>
<!-- Generated by org.testng.reporters.JUnitReportReporter -->
<testsuite hostname="SKYWALKER" failures="0" tests="1" name="testcases.utilitymethds" time="10.476" errors="0" timestamp="2022-11-14T13:30:19 IST" skipped="0">
  <testcase classname="testcases.utilitymethds" name="login" time="10.476"/>
  <system-out/>
</testsuite> <!-- testcases.utilitymethds -->
