<?xml version="1.0" encoding="UTF-8"?>
<!-- Generated by org.testng.reporters.JUnitReportReporter -->
<testsuite hostname="SKYWALKER" failures="0" tests="1" name="POM_TEST_CASES.DWS_WISHLIST_TEST" time="1.101" errors="0" timestamp="2022-11-21T15:45:45 IST" skipped="0">
  <testcase classname="POM_TEST_CASES.DWS_WISHLIST_TEST" name="TC12" time="1.101"/>
  <system-out/>
</testsuite> <!-- POM_TEST_CASES.DWS_WISHLIST_TEST -->
